0 info it worked if it ends with ok
1 verbose cli [ '/usr/bin/nodejs', '/usr/bin/npm', 'run', 'webpack' ]
2 info using npm@3.5.2
3 info using node@v4.2.6
4 verbose run-script [ 'prewebpack', 'webpack', 'postwebpack' ]
5 info lifecycle juniordev_jobs@1.0.0~prewebpack: juniordev_jobs@1.0.0
6 silly lifecycle juniordev_jobs@1.0.0~prewebpack: no script for prewebpack, continuing
7 info lifecycle juniordev_jobs@1.0.0~webpack: juniordev_jobs@1.0.0
8 verbose lifecycle juniordev_jobs@1.0.0~webpack: unsafe-perm in lifecycle true
9 verbose lifecycle juniordev_jobs@1.0.0~webpack: PATH: /usr/share/npm/bin/node-gyp-bin:/mnt/c/Users/matt/Source/junior_dev_jobs/node_modules/.bin:/home/mjhilton/bin:/home/mjhilton/.local/bin:/usr/local/sbin:/usr/local/bin:/usr/sbin:/usr/bin:/sbin:/bin:/usr/games:/usr/local/games:/mnt/c/Program Files (x86)/NVIDIA Corporation/PhysX/Common:/mnt/c/WINDOWS/System32:/mnt/c/WINDOWS:/mnt/c/WINDOWS/System32/wbem:/mnt/c/WINDOWS/System32/WindowsPowerShell/v1.0:/mnt/c/Program Files/Microsoft SQL Server/130/Tools/Binn:/mnt/c/Program Files (x86)/Microsoft SQL Server/Client SDK/ODBC/130/Tools/Binn:/mnt/c/Program Files (x86)/Microsoft SQL Server/130/Tools/Binn:/mnt/c/Program Files (x86)/Microsoft SQL Server/130/DTS/Binn:/mnt/c/Program Files (x86)/Microsoft SQL Server/130/Tools/Binn/ManagementStudio:/mnt/c/Program Files (x86)/Windows Kits/10/Windows Performance Toolkit:/mnt/c/Program Files (x86)/GtkSharp/2.12/bin:/mnt/c/Program Files/Git/cmd:/mnt/c/Program Files (x86)/Skype/Phone:/mnt/c/Program Files/dotnet:/mnt/c/Program Files (x86)/nodejs:/mnt/c/Ruby24-x64/bin:/mnt/c/Users/matt/AppData/Local/Microsoft/WindowsApps:/mnt/c/Program Files (x86)/Microsoft VS Code/bin:/mnt/c/Users/matt/AppData/Local/Pandoc:/mnt/c/Users/matt/AppData/Roaming/npm:/mnt/c/Program Files/MongoDB/Server/3.4/bin:/snap/bin
10 verbose lifecycle juniordev_jobs@1.0.0~webpack: CWD: /mnt/c/Users/matt/Source/junior_dev_jobs
11 silly lifecycle juniordev_jobs@1.0.0~webpack: Args: [ '-c', 'webpack' ]
12 info lifecycle juniordev_jobs@1.0.0~webpack: Failed to exec webpack script
13 verbose stack Error: juniordev_jobs@1.0.0 webpack: `webpack`
13 verbose stack spawn ENOENT
13 verbose stack     at ChildProcess.<anonymous> (/usr/share/npm/lib/utils/spawn.js:17:16)
13 verbose stack     at emitTwo (events.js:87:13)
13 verbose stack     at ChildProcess.emit (events.js:172:7)
13 verbose stack     at maybeClose (internal/child_process.js:821:16)
13 verbose stack     at Process.ChildProcess._handle.onexit (internal/child_process.js:211:5)
14 verbose pkgid juniordev_jobs@1.0.0
15 verbose cwd /mnt/c/Users/matt/Source/junior_dev_jobs/build
16 error Linux 4.4.0-43-Microsoft
17 error argv "/usr/bin/nodejs" "/usr/bin/npm" "run" "webpack"
18 error node v4.2.6
19 error npm  v3.5.2
20 error file sh
21 error code ELIFECYCLE
22 error errno ENOENT
23 error syscall spawn
24 error juniordev_jobs@1.0.0 webpack: `webpack`
24 error spawn ENOENT
25 error Failed at the juniordev_jobs@1.0.0 webpack script 'webpack'.
25 error Make sure you have the latest version of node.js and npm installed.
25 error If you do, this is most likely a problem with the juniordev_jobs package,
25 error not with npm itself.
25 error Tell the author that this fails on your system:
25 error     webpack
25 error You can get information on how to open an issue for this project with:
25 error     npm bugs juniordev_jobs
25 error Or if that isn't available, you can get their info via:
25 error     npm owner ls juniordev_jobs
25 error There is likely additional logging output above.
26 verbose exit [ 1, true ]
